CRITICAL - 2020-12-16 21:56:20 --> Access denied for user 'root'@'localhost'
#0 /var/www/html/agenda/app/Views/conexion.php(3): mysqli->__construct('localhost', 'root', '', 'proyecto')
#1 /var/www/html/agenda/app/Views/contacto.php(1): require('/var/www/html/a...')
#2 /var/www/html/agenda/vendor/codeigniter4/framework/system/View/View.php(246): include('/var/www/html/a...')
#3 /var/www/html/agenda/vendor/codeigniter4/framework/system/Common.php(1119): CodeIgniter\View\View->render('contacto', Array, true)
#4 /var/www/html/agenda/app/Controllers/Home.php(28): view('contacto', Array)
#5 /var/www/html/agenda/vendor/codeigniter4/framework/system/CodeIgniter.php(918): App\Controllers\Home->contacto()
#6 /var/www/html/agenda/vendor/codeigniter4/framework/system/CodeIgniter.php(404): CodeIgniter\CodeIgniter->runController(Object(App\Controllers\Home))
#7 /var/www/html/agenda/vendor/codeigniter4/framework/system/CodeIgniter.php(312): CodeIgniter\CodeIgniter->handleRequest(NULL, Object(Config\Cache), false)
#8 /var/www/html/agenda/public/index.php(45): CodeIgniter\CodeIgniter->run()
#9 {main}
CRITICAL - 2020-12-16 21:58:20 --> Table 'agenda.t_categoria' doesn't exist
#0 /var/www/html/agenda/app/Views/contacto.php(4): mysqli->query('SELECT * FROM t...')
#1 /var/www/html/agenda/vendor/codeigniter4/framework/system/View/View.php(246): include('/var/www/html/a...')
#2 /var/www/html/agenda/vendor/codeigniter4/framework/system/Common.php(1119): CodeIgniter\View\View->render('contacto', Array, true)
#3 /var/www/html/agenda/app/Controllers/Home.php(28): view('contacto', Array)
#4 /var/www/html/agenda/vendor/codeigniter4/framework/system/CodeIgniter.php(918): App\Controllers\Home->contacto()
#5 /var/www/html/agenda/vendor/codeigniter4/framework/system/CodeIgniter.php(404): CodeIgniter\CodeIgniter->runController(Object(App\Controllers\Home))
#6 /var/www/html/agenda/vendor/codeigniter4/framework/system/CodeIgniter.php(312): CodeIgniter\CodeIgniter->handleRequest(NULL, Object(Config\Cache), false)
#7 /var/www/html/agenda/public/index.php(45): CodeIgniter\CodeIgniter->run()
#8 {main}
CRITICAL - 2020-12-16 21:58:27 --> Table 'agenda.t_categoria' doesn't exist
#0 /var/www/html/agenda/app/Views/contacto.php(4): mysqli->query('SELECT * FROM t...')
#1 /var/www/html/agenda/vendor/codeigniter4/framework/system/View/View.php(246): include('/var/www/html/a...')
#2 /var/www/html/agenda/vendor/codeigniter4/framework/system/Common.php(1119): CodeIgniter\View\View->render('contacto', Array, true)
#3 /var/www/html/agenda/app/Controllers/Home.php(28): view('contacto', Array)
#4 /var/www/html/agenda/vendor/codeigniter4/framework/system/CodeIgniter.php(918): App\Controllers\Home->contacto()
#5 /var/www/html/agenda/vendor/codeigniter4/framework/system/CodeIgniter.php(404): CodeIgniter\CodeIgniter->runController(Object(App\Controllers\Home))
#6 /var/www/html/agenda/vendor/codeigniter4/framework/system/CodeIgniter.php(312): CodeIgniter\CodeIgniter->handleRequest(NULL, Object(Config\Cache), false)
#7 /var/www/html/agenda/public/index.php(45): CodeIgniter\CodeIgniter->run()
#8 {main}
CRITICAL - 2020-12-16 21:58:31 --> Table 'agenda.t_categoria' doesn't exist
#0 /var/www/html/agenda/app/Views/contacto.php(4): mysqli->query('SELECT * FROM t...')
#1 /var/www/html/agenda/vendor/codeigniter4/framework/system/View/View.php(246): include('/var/www/html/a...')
#2 /var/www/html/agenda/vendor/codeigniter4/framework/system/Common.php(1119): CodeIgniter\View\View->render('contacto', Array, true)
#3 /var/www/html/agenda/app/Controllers/Home.php(28): view('contacto', Array)
#4 /var/www/html/agenda/vendor/codeigniter4/framework/system/CodeIgniter.php(918): App\Controllers\Home->contacto()
#5 /var/www/html/agenda/vendor/codeigniter4/framework/system/CodeIgniter.php(404): CodeIgniter\CodeIgniter->runController(Object(App\Controllers\Home))
#6 /var/www/html/agenda/vendor/codeigniter4/framework/system/CodeIgniter.php(312): CodeIgniter\CodeIgniter->handleRequest(NULL, Object(Config\Cache), false)
#7 /var/www/html/agenda/public/index.php(45): CodeIgniter\CodeIgniter->run()
#8 {main}
CRITICAL - 2020-12-16 22:48:53 --> Unknown column 'id_categoria' in 'field list'
#0 /var/www/html/agenda/vendor/codeigniter4/framework/system/Database/MySQLi/Connection.php(331): mysqli->query('INSERT INTO `t_...')
#1 /var/www/html/agenda/vendor/codeigniter4/framework/system/Database/BaseConnection.php(741): CodeIgniter\Database\MySQLi\Connection->execute('INSERT INTO `t_...')
#2 /var/www/html/agenda/vendor/codeigniter4/framework/system/Database/BaseConnection.php(669): CodeIgniter\Database\BaseConnection->simpleQuery('INSERT INTO `t_...')
#3 /var/www/html/agenda/vendor/codeigniter4/framework/system/Database/BaseBuilder.php(2249): CodeIgniter\Database\BaseConnection->query('INSERT INTO `t_...', Array, false)
#4 /var/www/html/agenda/app/Models/usuario.php(21): CodeIgniter\Database\BaseBuilder->insert(Array)
#5 /var/www/html/agenda/app/Controllers/Home.php(61): App\Models\usuario->insertar(Array)
#6 /var/www/html/agenda/vendor/codeigniter4/framework/system/CodeIgniter.php(918): App\Controllers\Home->crear()
#7 /var/www/html/agenda/vendor/codeigniter4/framework/system/CodeIgniter.php(404): CodeIgniter\CodeIgniter->runController(Object(App\Controllers\Home))
#8 /var/www/html/agenda/vendor/codeigniter4/framework/system/CodeIgniter.php(312): CodeIgniter\CodeIgniter->handleRequest(NULL, Object(Config\Cache), false)
#9 /var/www/html/agenda/public/index.php(45): CodeIgniter\CodeIgniter->run()
#10 {main}
CRITICAL - 2020-12-16 22:51:19 --> Undefined offset: 0
#0 /var/www/html/agenda/app/Views/actualizar1.php(3): CodeIgniter\Debug\Exceptions->errorHandler(8, 'Undefined offse...', '/var/www/html/a...', 3, Array)
#1 /var/www/html/agenda/vendor/codeigniter4/framework/system/View/View.php(246): include('/var/www/html/a...')
#2 /var/www/html/agenda/vendor/codeigniter4/framework/system/Common.php(1119): CodeIgniter\View\View->render('actualizar1', Array, true)
#3 /var/www/html/agenda/app/Controllers/Home.php(225): view('actualizar1', Array)
#4 /var/www/html/agenda/vendor/codeigniter4/framework/system/CodeIgniter.php(918): App\Controllers\Home->obtenerdatos1('0')
#5 /var/www/html/agenda/vendor/codeigniter4/framework/system/CodeIgniter.php(404): CodeIgniter\CodeIgniter->runController(Object(App\Controllers\Home))
#6 /var/www/html/agenda/vendor/codeigniter4/framework/system/CodeIgniter.php(312): CodeIgniter\CodeIgniter->handleRequest(NULL, Object(Config\Cache), false)
#7 /var/www/html/agenda/public/index.php(45): CodeIgniter\CodeIgniter->run()
#8 {main}
CRITICAL - 2020-12-16 23:14:58 --> Unknown column 'id_categoria' in 'field list'
#0 /var/www/html/agenda/vendor/codeigniter4/framework/system/Database/MySQLi/Connection.php(331): mysqli->query('INSERT INTO `t_...')
#1 /var/www/html/agenda/vendor/codeigniter4/framework/system/Database/BaseConnection.php(741): CodeIgniter\Database\MySQLi\Connection->execute('INSERT INTO `t_...')
#2 /var/www/html/agenda/vendor/codeigniter4/framework/system/Database/BaseConnection.php(669): CodeIgniter\Database\BaseConnection->simpleQuery('INSERT INTO `t_...')
#3 /var/www/html/agenda/vendor/codeigniter4/framework/system/Database/BaseBuilder.php(2249): CodeIgniter\Database\BaseConnection->query('INSERT INTO `t_...', Array, false)
#4 /var/www/html/agenda/app/Models/usuario.php(21): CodeIgniter\Database\BaseBuilder->insert(Array)
#5 /var/www/html/agenda/app/Controllers/Home.php(61): App\Models\usuario->insertar(Array)
#6 /var/www/html/agenda/vendor/codeigniter4/framework/system/CodeIgniter.php(918): App\Controllers\Home->crear()
#7 /var/www/html/agenda/vendor/codeigniter4/framework/system/CodeIgniter.php(404): CodeIgniter\CodeIgniter->runController(Object(App\Controllers\Home))
#8 /var/www/html/agenda/vendor/codeigniter4/framework/system/CodeIgniter.php(312): CodeIgniter\CodeIgniter->handleRequest(NULL, Object(Config\Cache), false)
#9 /var/www/html/agenda/public/index.php(45): CodeIgniter\CodeIgniter->run()
#10 {main}
CRITICAL - 2020-12-16 23:16:38 --> Unknown column 'id_categoria' in 'field list'
#0 /var/www/html/agenda/vendor/codeigniter4/framework/system/Database/MySQLi/Connection.php(331): mysqli->query('INSERT INTO `t_...')
#1 /var/www/html/agenda/vendor/codeigniter4/framework/system/Database/BaseConnection.php(741): CodeIgniter\Database\MySQLi\Connection->execute('INSERT INTO `t_...')
#2 /var/www/html/agenda/vendor/codeigniter4/framework/system/Database/BaseConnection.php(669): CodeIgniter\Database\BaseConnection->simpleQuery('INSERT INTO `t_...')
#3 /var/www/html/agenda/vendor/codeigniter4/framework/system/Database/BaseBuilder.php(2249): CodeIgniter\Database\BaseConnection->query('INSERT INTO `t_...', Array, false)
#4 /var/www/html/agenda/app/Models/usuario.php(21): CodeIgniter\Database\BaseBuilder->insert(Array)
#5 /var/www/html/agenda/app/Controllers/Home.php(61): App\Models\usuario->insertar(Array)
#6 /var/www/html/agenda/vendor/codeigniter4/framework/system/CodeIgniter.php(918): App\Controllers\Home->crear()
#7 /var/www/html/agenda/vendor/codeigniter4/framework/system/CodeIgniter.php(404): CodeIgniter\CodeIgniter->runController(Object(App\Controllers\Home))
#8 /var/www/html/agenda/vendor/codeigniter4/framework/system/CodeIgniter.php(312): CodeIgniter\CodeIgniter->handleRequest(NULL, Object(Config\Cache), false)
#9 /var/www/html/agenda/public/index.php(45): CodeIgniter\CodeIgniter->run()
#10 {main}
